<?xml version="1.0" encoding="UTF-8"?>
<testng-results ignored="0" total="1" passed="1" failed="0" skipped="0">
  <reporter-output>
  </reporter-output>
  <suite started-at="2022-08-02T12:21:17 IST" name="Default suite" finished-at="2022-08-02T12:21:58 IST" duration-ms="41031">
    <groups>
    </groups>
    <test started-at="2022-08-02T12:21:17 IST" name="Default test" finished-at="2022-08-02T12:21:58 IST" duration-ms="41031">
      <class name="mob_Req.Sign_up">
        <test-method is-config="true" signature="signup()[pri:0, instance:mob_Req.Sign_up@5e316c74]" started-at="2022-08-02T12:21:17 IST" name="signup" finished-at="2022-08-02T12:21:47 IST" duration-ms="30845" status="PASS">
          <reporter-output>
          </reporter-output>
        </test-method> <!-- signup -->
        <test-method signature="Signin()[pri:0, instance:mob_Req.Sign_up@5e316c74]" started-at="2022-08-02T12:21:47 IST" name="Signin" finished-at="2022-08-02T12:21:58 IST" duration-ms="10137" status="PASS">
          <reporter-output>
          </reporter-output>
        </test-method> <!-- Signin -->
      </class> <!-- mob_Req.Sign_up -->
    </test> <!-- Default test -->
  </suite> <!-- Default suite -->
</testng-results>
