<?xml version="1.0" encoding="UTF-8"?>
<testng-results ignored="0" total="1" passed="1" failed="0" skipped="0">
  <reporter-output>
  </reporter-output>
  <suite started-at="2022-08-02T17:09:30 IST" name="Default suite" finished-at="2022-08-02T17:09:39 IST" duration-ms="9066">
    <groups>
    </groups>
    <test started-at="2022-08-02T17:09:30 IST" name="Default test" finished-at="2022-08-02T17:09:39 IST" duration-ms="9066">
      <class name="mob_Req.sign_IN">
        <test-method signature="Signin()[pri:0, instance:mob_Req.sign_IN@71b1176b]" started-at="2022-08-02T17:09:30 IST" name="Signin" finished-at="2022-08-02T17:09:39 IST" duration-ms="9002" status="PASS">
          <reporter-output>
          </reporter-output>
        </test-method> <!-- Signin -->
      </class> <!-- mob_Req.sign_IN -->
    </test> <!-- Default test -->
  </suite> <!-- Default suite -->
</testng-results>
